Analysis & Synthesis report for fifo
Fri Nov 05 22:45:02 2021
Quartus Prime Version 15.1.0 Build 185 10/21/2015 SJ Lite Edition


---------------------
; Table of Contents ;
---------------------
  1. Legal Notice
  2. Analysis & Synthesis Summary
  3. Analysis & Synthesis Settings
  4. Parallel Compilation
  5. Analysis & Synthesis Source Files Read
  6. Analysis & Synthesis Resource Usage Summary
  7. Analysis & Synthesis Resource Utilization by Entity
  8. General Register Statistics
  9. Multiplexer Restructuring Statistics (Restructuring Performed)
 10. Parameter Settings for User Entity Instance: fifo_ns:U0_fifo_ns
 11. Parameter Settings for User Entity Instance: fifo_cal_addr:U1_fifo_cal_addr
 12. Parameter Settings for User Entity Instance: fifo_out:U3_fifo_out
 13. Port Connectivity Checks: "register32_r_en:U4_1_register32_r_en"
 14. Port Connectivity Checks: "mx2_32bits:U4_1_Registerer_file"
 15. Port Connectivity Checks: "fifo_cal_addr:U1_fifo_cal_addr|cla4:U3_cla4"
 16. Port Connectivity Checks: "fifo_cal_addr:U1_fifo_cal_addr|cla4:U2_cla4"
 17. Port Connectivity Checks: "fifo_cal_addr:U1_fifo_cal_addr|cla4:U1_cla4"
 18. Port Connectivity Checks: "fifo_cal_addr:U1_fifo_cal_addr|cla4:U0_cla4"
 19. Post-Synthesis Netlist Statistics for Top Partition
 20. Elapsed Time Per Partition
 21. Analysis & Synthesis Messages
 22. Analysis & Synthesis Suppressed Messages



----------------
; Legal Notice ;
----------------
Copyright (C) 1991-2015 Altera Corporation. All rights reserved.
Your use of Altera Corporation's design tools, logic functions 
and other software and tools, and its AMPP partner logic 
functions, and any output files from any of the foregoing 
(including device programming or simulation files), and any 
associated documentation or information are expressly subject 
to the terms and conditions of the Altera Program License 
Subscription Agreement, the Altera Quartus Prime License Agreement,
the Altera MegaCore Function License Agreement, or other 
applicable license agreement, including, without limitation, 
that your use is for the sole purpose of programming logic 
devices manufactured by Altera and sold by Altera or its 
authorized distributors.  Please refer to the applicable 
agreement for further details.



+-------------------------------------------------------------------------------+
; Analysis & Synthesis Summary                                                  ;
+---------------------------------+---------------------------------------------+
; Analysis & Synthesis Status     ; Successful - Fri Nov 05 22:45:02 2021       ;
; Quartus Prime Version           ; 15.1.0 Build 185 10/21/2015 SJ Lite Edition ;
; Revision Name                   ; fifo                                        ;
; Top-level Entity Name           ; fifo                                        ;
; Family                          ; Cyclone V                                   ;
; Logic utilization (in ALMs)     ; N/A                                         ;
; Total registers                 ; 301                                         ;
; Total pins                      ; 78                                          ;
; Total virtual pins              ; 0                                           ;
; Total block memory bits         ; 0                                           ;
; Total DSP Blocks                ; 0                                           ;
; Total HSSI RX PCSs              ; 0                                           ;
; Total HSSI PMA RX Deserializers ; 0                                           ;
; Total HSSI TX PCSs              ; 0                                           ;
; Total HSSI PMA TX Serializers   ; 0                                           ;
; Total PLLs                      ; 0                                           ;
; Total DLLs                      ; 0                                           ;
+---------------------------------+---------------------------------------------+


+---------------------------------------------------------------------------------------------------------------------------+
; Analysis & Synthesis Settings                                                                                             ;
+---------------------------------------------------------------------------------+--------------------+--------------------+
; Option                                                                          ; Setting            ; Default Value      ;
+---------------------------------------------------------------------------------+--------------------+--------------------+
; Device                                                                          ; 5CSXFC6D6F31C6     ;                    ;
; Top-level entity name                                                           ; fifo               ; fifo               ;
; Family name                                                                     ; Cyclone V          ; Cyclone V          ;
; Use smart compilation                                                           ; Off                ; Off                ;
; Enable parallel Assembler and TimeQuest Timing Analyzer during compilation      ; On                 ; On                 ;
; Enable compact report table                                                     ; Off                ; Off                ;
; Restructure Multiplexers                                                        ; Auto               ; Auto               ;
; MLAB Add Timing Constraints For Mixed-Port Feed-Through Mode Setting Don't Care ; Off                ; Off                ;
; Create Debugging Nodes for IP Cores                                             ; Off                ; Off                ;
; Preserve fewer node names                                                       ; On                 ; On                 ;
; Disable OpenCore Plus hardware evaluation                                       ; Off                ; Off                ;
; Verilog Version                                                                 ; Verilog_2001       ; Verilog_2001       ;
; VHDL Version                                                                    ; VHDL_1993          ; VHDL_1993          ;
; State Machine Processing                                                        ; Auto               ; Auto               ;
; Safe State Machine                                                              ; Off                ; Off                ;
; Extract Verilog State Machines                                                  ; On                 ; On                 ;
; Extract VHDL State Machines                                                     ; On                 ; On                 ;
; Ignore Verilog initial constructs                                               ; Off                ; Off                ;
; Iteration limit for constant Verilog loops                                      ; 5000               ; 5000               ;
; Iteration limit for non-constant Verilog loops                                  ; 250                ; 250                ;
; Add Pass-Through Logic to Inferred RAMs                                         ; On                 ; On                 ;
; Infer RAMs from Raw Logic                                                       ; On                 ; On                 ;
; Parallel Synthesis                                                              ; On                 ; On                 ;
; DSP Block Balancing                                                             ; Auto               ; Auto               ;
; NOT Gate Push-Back                                                              ; On                 ; On                 ;
; Power-Up Don't Care                                                             ; On                 ; On                 ;
; Remove Redundant Logic Cells                                                    ; Off                ; Off                ;
; Remove Duplicate Registers                                                      ; On                 ; On                 ;
; Ignore CARRY Buffers                                                            ; Off                ; Off                ;
; Ignore CASCADE Buffers                                                          ; Off                ; Off                ;
; Ignore GLOBAL Buffers                                                           ; Off                ; Off                ;
; Ignore ROW GLOBAL Buffers                                                       ; Off                ; Off                ;
; Ignore LCELL Buffers                                                            ; Off                ; Off                ;
; Ignore SOFT Buffers                                                             ; On                 ; On                 ;
; Limit AHDL Integers to 32 Bits                                                  ; Off                ; Off                ;
; Optimization Technique                                                          ; Balanced           ; Balanced           ;
; Carry Chain Length                                                              ; 70                 ; 70                 ;
; Auto Carry Chains                                                               ; On                 ; On                 ;
; Auto Open-Drain Pins                                                            ; On                 ; On                 ;
; Perform WYSIWYG Primitive Resynthesis                                           ; Off                ; Off                ;
; Auto ROM Replacement                                                            ; On                 ; On                 ;
; Auto RAM Replacement                                                            ; On                 ; On                 ;
; Auto DSP Block Replacement                                                      ; On                 ; On                 ;
; Auto Shift Register Replacement                                                 ; Auto               ; Auto               ;
; Allow Shift Register Merging across Hierarchies                                 ; Auto               ; Auto               ;
; Auto Clock Enable Replacement                                                   ; On                 ; On                 ;
; Strict RAM Replacement                                                          ; Off                ; Off                ;
; Allow Synchronous Control Signals                                               ; On                 ; On                 ;
; Force Use of Synchronous Clear Signals                                          ; Off                ; Off                ;
; Auto Resource Sharing                                                           ; Off                ; Off                ;
; Allow Any RAM Size For Recognition                                              ; Off                ; Off                ;
; Allow Any ROM Size For Recognition                                              ; Off                ; Off                ;
; Allow Any Shift Register Size For Recognition                                   ; Off                ; Off                ;
; Use LogicLock Constraints during Resource Balancing                             ; On                 ; On                 ;
; Ignore translate_off and synthesis_off directives                               ; Off                ; Off                ;
; Timing-Driven Synthesis                                                         ; On                 ; On                 ;
; Report Parameter Settings                                                       ; On                 ; On                 ;
; Report Source Assignments                                                       ; On                 ; On                 ;
; Report Connectivity Checks                                                      ; On                 ; On                 ;
; Ignore Maximum Fan-Out Assignments                                              ; Off                ; Off                ;
; Synchronization Register Chain Length                                           ; 3                  ; 3                  ;
; PowerPlay Power Optimization During Synthesis                                   ; Normal compilation ; Normal compilation ;
; HDL message level                                                               ; Level2             ; Level2             ;
; Suppress Register Optimization Related Messages                                 ; Off                ; Off                ;
; Number of Removed Registers Reported in Synthesis Report                        ; 5000               ; 5000               ;
; Number of Swept Nodes Reported in Synthesis Report                              ; 5000               ; 5000               ;
; Number of Inverted Registers Reported in Synthesis Report                       ; 100                ; 100                ;
; Clock MUX Protection                                                            ; On                 ; On                 ;
; Auto Gated Clock Conversion                                                     ; Off                ; Off                ;
; Block Design Naming                                                             ; Auto               ; Auto               ;
; SDC constraint protection                                                       ; Off                ; Off                ;
; Synthesis Effort                                                                ; Auto               ; Auto               ;
; Shift Register Replacement - Allow Asynchronous Clear Signal                    ; On                 ; On                 ;
; Pre-Mapping Resynthesis Optimization                                            ; Off                ; Off                ;
; Analysis & Synthesis Message Level                                              ; Medium             ; Medium             ;
; Disable Register Merging Across Hierarchies                                     ; Auto               ; Auto               ;
; Resource Aware Inference For Block RAM                                          ; On                 ; On                 ;
; Synthesis Seed                                                                  ; 1                  ; 1                  ;
; Automatic Parallel Synthesis                                                    ; On                 ; On                 ;
; Partial Reconfiguration Bitstream ID                                            ; Off                ; Off                ;
+---------------------------------------------------------------------------------+--------------------+--------------------+


+------------------------------------------+
; Parallel Compilation                     ;
+----------------------------+-------------+
; Processors                 ; Number      ;
+----------------------------+-------------+
; Number detected on machine ; 12          ;
; Maximum allowed            ; 12          ;
;                            ;             ;
; Average used               ; 1.00        ;
; Maximum used               ; 12          ;
;                            ;             ;
; Usage by Processor         ; % Time Used ;
;     Processor 1            ; 100.0%      ;
;     Processors 2-12        ; < 0.1%      ;
+----------------------------+-------------+


+---------------------------------------------------------------------------------------------------------------------------------------------+
; Analysis & Synthesis Source Files Read                                                                                                      ;
+----------------------------------+-----------------+------------------------------+-----------------------------------------------+---------+
; File Name with User-Entered Path ; Used in Netlist ; File Type                    ; File Name with Absolute Path                  ; Library ;
+----------------------------------+-----------------+------------------------------+-----------------------------------------------+---------+
; register4_r.v                    ; yes             ; User Verilog HDL File        ; C:/altera_lite/15.1/VL/fifo/register4_r.v     ;         ;
; register3_r.v                    ; yes             ; User Verilog HDL File        ; C:/altera_lite/15.1/VL/fifo/register3_r.v     ;         ;
; fa_v2.v                          ; yes             ; User Verilog HDL File        ; C:/altera_lite/15.1/VL/fifo/fa_v2.v           ;         ;
; clb4.v                           ; yes             ; User Verilog HDL File        ; C:/altera_lite/15.1/VL/fifo/clb4.v            ;         ;
; cla4.v                           ; yes             ; User Verilog HDL File        ; C:/altera_lite/15.1/VL/fifo/cla4.v            ;         ;
; _8_to_1_MUX.v                    ; yes             ; User Verilog HDL File        ; C:/altera_lite/15.1/VL/fifo/_8_to_1_MUX.v     ;         ;
; _3_to_8_decoder.v                ; yes             ; User Verilog HDL File        ; C:/altera_lite/15.1/VL/fifo/_3_to_8_decoder.v ;         ;
; write_operation.v                ; yes             ; User Verilog HDL File        ; C:/altera_lite/15.1/VL/fifo/write_operation.v ;         ;
; Register_file.v                  ; yes             ; User Verilog HDL File        ; C:/altera_lite/15.1/VL/fifo/Register_file.v   ;         ;
; register32_r_en.v                ; yes             ; User Verilog HDL File        ; C:/altera_lite/15.1/VL/fifo/register32_r_en.v ;         ;
; register32_8.v                   ; yes             ; User Verilog HDL File        ; C:/altera_lite/15.1/VL/fifo/register32_8.v    ;         ;
; read_operation.v                 ; yes             ; User Verilog HDL File        ; C:/altera_lite/15.1/VL/fifo/read_operation.v  ;         ;
; gates.v                          ; yes             ; User Verilog HDL File        ; C:/altera_lite/15.1/VL/fifo/gates.v           ;         ;
; fifo_ns.v                        ; yes             ; User Verilog HDL File        ; C:/altera_lite/15.1/VL/fifo/fifo_ns.v         ;         ;
; fifo_cal_addr.v                  ; yes             ; User Verilog HDL File        ; C:/altera_lite/15.1/VL/fifo/fifo_cal_addr.v   ;         ;
; fifo_out.v                       ; yes             ; User Verilog HDL File        ; C:/altera_lite/15.1/VL/fifo/fifo_out.v        ;         ;
; fifo.v                           ; yes             ; User Verilog HDL File        ; C:/altera_lite/15.1/VL/fifo/fifo.v            ;         ;
; mx2_32bits.v                     ; yes             ; Auto-Found Verilog HDL File  ; C:/altera_lite/15.1/VL/fifo/mx2_32bits.v      ;         ;
+----------------------------------+-----------------+------------------------------+-----------------------------------------------+---------+


+---------------------------------------------------------+
; Analysis & Synthesis Resource Usage Summary             ;
+---------------------------------------------+-----------+
; Resource                                    ; Usage     ;
+---------------------------------------------+-----------+
; Estimate of Logic utilization (ALMs needed) ; 192       ;
;                                             ;           ;
; Combinational ALUT usage for logic          ; 131       ;
;     -- 7 input functions                    ; 0         ;
;     -- 6 input functions                    ; 72        ;
;     -- 5 input functions                    ; 16        ;
;     -- 4 input functions                    ; 3         ;
;     -- <=3 input functions                  ; 40        ;
;                                             ;           ;
; Dedicated logic registers                   ; 301       ;
;                                             ;           ;
; I/O pins                                    ; 78        ;
;                                             ;           ;
; Total DSP Blocks                            ; 0         ;
;                                             ;           ;
; Maximum fan-out node                        ; clk~input ;
; Maximum fan-out                             ; 301       ;
; Total fan-out                               ; 1953      ;
; Average fan-out                             ; 3.32      ;
+---------------------------------------------+-----------+


+-----------------------------------------------------------------------------------------------------------------------------------------------------------------------------------------------------------------------------------------------------------------+
; Analysis & Synthesis Resource Utilization by Entity                                                                                                                                                                                                             ;
+-----------------------------------------------+-------------------+--------------+-------------------+------------+------+--------------+--------------------------------------------------------------------------------------------------------+--------------+
; Compilation Hierarchy Node                    ; LC Combinationals ; LC Registers ; Block Memory Bits ; DSP Blocks ; Pins ; Virtual Pins ; Full Hierarchy Name                                                                                    ; Library Name ;
+-----------------------------------------------+-------------------+--------------+-------------------+------------+------+--------------+--------------------------------------------------------------------------------------------------------+--------------+
; |fifo                                         ; 131 (0)           ; 301 (0)      ; 0                 ; 0          ; 78   ; 0            ; |fifo                                                                                                  ; work         ;
;    |Register_file:U4_0_Register_file|         ; 8 (0)             ; 256 (0)      ; 0                 ; 0          ; 0    ; 0            ; |fifo|Register_file:U4_0_Register_file                                                                 ; work         ;
;       |register32_8:U1_register32_8|          ; 0 (0)             ; 256 (0)      ; 0                 ; 0          ; 0    ; 0            ; |fifo|Register_file:U4_0_Register_file|register32_8:U1_register32_8                                    ; work         ;
;          |register32_r_en:U0_register32_r_en| ; 0 (0)             ; 32 (32)      ; 0                 ; 0          ; 0    ; 0            ; |fifo|Register_file:U4_0_Register_file|register32_8:U1_register32_8|register32_r_en:U0_register32_r_en ; work         ;
;          |register32_r_en:U1_register32_r_en| ; 0 (0)             ; 32 (32)      ; 0                 ; 0          ; 0    ; 0            ; |fifo|Register_file:U4_0_Register_file|register32_8:U1_register32_8|register32_r_en:U1_register32_r_en ; work         ;
;          |register32_r_en:U2_register32_r_en| ; 0 (0)             ; 32 (32)      ; 0                 ; 0          ; 0    ; 0            ; |fifo|Register_file:U4_0_Register_file|register32_8:U1_register32_8|register32_r_en:U2_register32_r_en ; work         ;
;          |register32_r_en:U3_register32_r_en| ; 0 (0)             ; 32 (32)      ; 0                 ; 0          ; 0    ; 0            ; |fifo|Register_file:U4_0_Register_file|register32_8:U1_register32_8|register32_r_en:U3_register32_r_en ; work         ;
;          |register32_r_en:U4_register32_r_en| ; 0 (0)             ; 32 (32)      ; 0                 ; 0          ; 0    ; 0            ; |fifo|Register_file:U4_0_Register_file|register32_8:U1_register32_8|register32_r_en:U4_register32_r_en ; work         ;
;          |register32_r_en:U5_register32_r_en| ; 0 (0)             ; 32 (32)      ; 0                 ; 0          ; 0    ; 0            ; |fifo|Register_file:U4_0_Register_file|register32_8:U1_register32_8|register32_r_en:U5_register32_r_en ; work         ;
;          |register32_r_en:U6_register32_r_en| ; 0 (0)             ; 32 (32)      ; 0                 ; 0          ; 0    ; 0            ; |fifo|Register_file:U4_0_Register_file|register32_8:U1_register32_8|register32_r_en:U6_register32_r_en ; work         ;
;          |register32_r_en:U7_register32_r_en| ; 0 (0)             ; 32 (32)      ; 0                 ; 0          ; 0    ; 0            ; |fifo|Register_file:U4_0_Register_file|register32_8:U1_register32_8|register32_r_en:U7_register32_r_en ; work         ;
;       |write_operation:U0_write_operation|    ; 8 (0)             ; 0 (0)        ; 0                 ; 0          ; 0    ; 0            ; |fifo|Register_file:U4_0_Register_file|write_operation:U0_write_operation                              ; work         ;
;          |_3_to_8_decoder:U0_decoder|         ; 8 (8)             ; 0 (0)        ; 0                 ; 0          ; 0    ; 0            ; |fifo|Register_file:U4_0_Register_file|write_operation:U0_write_operation|_3_to_8_decoder:U0_decoder   ; work         ;
;    |fifo_cal_addr:U1_fifo_cal_addr|           ; 10 (10)           ; 0 (0)        ; 0                 ; 0          ; 0    ; 0            ; |fifo|fifo_cal_addr:U1_fifo_cal_addr                                                                   ; work         ;
;    |fifo_ns:U0_fifo_ns|                       ; 5 (5)             ; 0 (0)        ; 0                 ; 0          ; 0    ; 0            ; |fifo|fifo_ns:U0_fifo_ns                                                                               ; work         ;
;    |fifo_out:U3_fifo_out|                     ; 6 (6)             ; 0 (0)        ; 0                 ; 0          ; 0    ; 0            ; |fifo|fifo_out:U3_fifo_out                                                                             ; work         ;
;    |mx2_32bits:U4_1_Registerer_file|          ; 96 (96)           ; 0 (0)        ; 0                 ; 0          ; 0    ; 0            ; |fifo|mx2_32bits:U4_1_Registerer_file                                                                  ; work         ;
;    |register32_r_en:U4_1_register32_r_en|     ; 0 (0)             ; 32 (32)      ; 0                 ; 0          ; 0    ; 0            ; |fifo|register32_r_en:U4_1_register32_r_en                                                             ; work         ;
;    |register3_r:U2_0_register3_r|             ; 0 (0)             ; 3 (3)        ; 0                 ; 0          ; 0    ; 0            ; |fifo|register3_r:U2_0_register3_r                                                                     ; work         ;
;    |register3_r:U2_1_register3_r|             ; 3 (3)             ; 3 (3)        ; 0                 ; 0          ; 0    ; 0            ; |fifo|register3_r:U2_1_register3_r                                                                     ; work         ;
;    |register3_r:U2_2_register3_r|             ; 3 (3)             ; 3 (3)        ; 0                 ; 0          ; 0    ; 0            ; |fifo|register3_r:U2_2_register3_r                                                                     ; work         ;
;    |register4_r:U2_3_register4_r|             ; 0 (0)             ; 4 (4)        ; 0                 ; 0          ; 0    ; 0            ; |fifo|register4_r:U2_3_register4_r                                                                     ; work         ;
+-----------------------------------------------+-------------------+--------------+-------------------+------------+------+--------------+--------------------------------------------------------------------------------------------------------+--------------+
Note: For table entries with two numbers listed, the numbers in parentheses indicate the number of resources of the given type used by the specific entity alone. The numbers listed outside of parentheses indicate the total resources of the given type used by the specific entity and all of its sub-entities in the hierarchy.


+------------------------------------------------------+
; General Register Statistics                          ;
+----------------------------------------------+-------+
; Statistic                                    ; Value ;
+----------------------------------------------+-------+
; Total registers                              ; 301   ;
; Number of registers using Synchronous Clear  ; 32    ;
; Number of registers using Synchronous Load   ; 0     ;
; Number of registers using Asynchronous Clear ; 301   ;
; Number of registers using Asynchronous Load  ; 0     ;
; Number of registers using Clock Enable       ; 260   ;
; Number of registers using Preset             ; 0     ;
+----------------------------------------------+-------+


+---------------------------------------------------------------------------------------------------------------------------------------------------------------+
; Multiplexer Restructuring Statistics (Restructuring Performed)                                                                                                ;
+--------------------+-----------+---------------+----------------------+------------------------+------------+-------------------------------------------------+
; Multiplexer Inputs ; Bus Width ; Baseline Area ; Area if Restructured ; Saving if Restructured ; Registered ; Example Multiplexer Output                      ;
+--------------------+-----------+---------------+----------------------+------------------------+------------+-------------------------------------------------+
; 9:1                ; 32 bits   ; 192 LEs       ; 160 LEs              ; 32 LEs                 ; Yes        ; |fifo|register32_r_en:U4_1_register32_r_en|q[1] ;
+--------------------+-----------+---------------+----------------------+------------------------+------------+-------------------------------------------------+


+-----------------------------------------------------------------+
; Parameter Settings for User Entity Instance: fifo_ns:U0_fifo_ns ;
+----------------+-------+----------------------------------------+
; Parameter Name ; Value ; Type                                   ;
+----------------+-------+----------------------------------------+
; INIT           ; 000   ; Unsigned Binary                        ;
; NO_OP          ; 001   ; Unsigned Binary                        ;
; WRITE          ; 010   ; Unsigned Binary                        ;
; WR_ERROR       ; 011   ; Unsigned Binary                        ;
; READ           ; 100   ; Unsigned Binary                        ;
; RD_ERROR       ; 101   ; Unsigned Binary                        ;
+----------------+-------+----------------------------------------+
Note: In order to hide this table in the UI and the text report file, please set the "Show Parameter Settings in Synthesis Report" option in "Analysis and Synthesis Settings -> More Settings" to "Off".


+-----------------------------------------------------------------------------+
; Parameter Settings for User Entity Instance: fifo_cal_addr:U1_fifo_cal_addr ;
+----------------+-------+----------------------------------------------------+
; Parameter Name ; Value ; Type                                               ;
+----------------+-------+----------------------------------------------------+
; INIT           ; 000   ; Unsigned Binary                                    ;
; NO_OP          ; 001   ; Unsigned Binary                                    ;
; WRITE          ; 010   ; Unsigned Binary                                    ;
; WR_ERROR       ; 011   ; Unsigned Binary                                    ;
; READ           ; 100   ; Unsigned Binary                                    ;
; RD_ERROR       ; 101   ; Unsigned Binary                                    ;
+----------------+-------+----------------------------------------------------+
Note: In order to hide this table in the UI and the text report file, please set the "Show Parameter Settings in Synthesis Report" option in "Analysis and Synthesis Settings -> More Settings" to "Off".


+-------------------------------------------------------------------+
; Parameter Settings for User Entity Instance: fifo_out:U3_fifo_out ;
+----------------+-------+------------------------------------------+
; Parameter Name ; Value ; Type                                     ;
+----------------+-------+------------------------------------------+
; INIT           ; 000   ; Unsigned Binary                          ;
; NO_OP          ; 001   ; Unsigned Binary                          ;
; WRITE          ; 010   ; Unsigned Binary                          ;
; WR_ERROR       ; 011   ; Unsigned Binary                          ;
; READ           ; 100   ; Unsigned Binary                          ;
; RD_ERROR       ; 101   ; Unsigned Binary                          ;
+----------------+-------+------------------------------------------+
Note: In order to hide this table in the UI and the text report file, please set the "Show Parameter Settings in Synthesis Report" option in "Analysis and Synthesis Settings -> More Settings" to "Off".


+------------------------------------------------------------------+
; Port Connectivity Checks: "register32_r_en:U4_1_register32_r_en" ;
+------+-------+----------+----------------------------------------+
; Port ; Type  ; Severity ; Details                                ;
+------+-------+----------+----------------------------------------+
; en   ; Input ; Info     ; Stuck at VCC                           ;
+------+-------+----------+----------------------------------------+


+-------------------------------------------------------------+
; Port Connectivity Checks: "mx2_32bits:U4_1_Registerer_file" ;
+------+-------+----------+-----------------------------------+
; Port ; Type  ; Severity ; Details                           ;
+------+-------+----------+-----------------------------------+
; d0   ; Input ; Info     ; Stuck at GND                      ;
+------+-------+----------+-----------------------------------+


+----------------------------------------------------------------------------------------------------------------+
; Port Connectivity Checks: "fifo_cal_addr:U1_fifo_cal_addr|cla4:U3_cla4"                                        ;
+------+--------+----------+-------------------------------------------------------------------------------------+
; Port ; Type   ; Severity ; Details                                                                             ;
+------+--------+----------+-------------------------------------------------------------------------------------+
; co   ; Output ; Info     ; Connected to dangling logic. Logic that only feeds a dangling port will be removed. ;
; b    ; Input  ; Info     ; Stuck at VCC                                                                        ;
; ci   ; Input  ; Info     ; Stuck at GND                                                                        ;
+------+--------+----------+-------------------------------------------------------------------------------------+


+-------------------------------------------------------------------------------------------------------------------+
; Port Connectivity Checks: "fifo_cal_addr:U1_fifo_cal_addr|cla4:U2_cla4"                                           ;
+---------+--------+----------+-------------------------------------------------------------------------------------+
; Port    ; Type   ; Severity ; Details                                                                             ;
+---------+--------+----------+-------------------------------------------------------------------------------------+
; co      ; Output ; Info     ; Connected to dangling logic. Logic that only feeds a dangling port will be removed. ;
; b[3..1] ; Input  ; Info     ; Stuck at GND                                                                        ;
; b[0]    ; Input  ; Info     ; Stuck at VCC                                                                        ;
; ci      ; Input  ; Info     ; Stuck at GND                                                                        ;
+---------+--------+----------+-------------------------------------------------------------------------------------+


+-------------------------------------------------------------------------------------------------------------------------------------------------------------------------+
; Port Connectivity Checks: "fifo_cal_addr:U1_fifo_cal_addr|cla4:U1_cla4"                                                                                                 ;
+---------+--------+----------+-------------------------------------------------------------------------------------------------------------------------------------------+
; Port    ; Type   ; Severity ; Details                                                                                                                                   ;
+---------+--------+----------+-------------------------------------------------------------------------------------------------------------------------------------------+
; s[3]    ; Output ; Info     ; Connected to dangling logic. Logic that only feeds a dangling port will be removed.                                                       ;
; co      ; Output ; Info     ; Connected to dangling logic. Logic that only feeds a dangling port will be removed.                                                       ;
; a       ; Input  ; Warning  ; Input port expression (3 bits) is smaller than the input port (4 bits) it drives.  Extra input bit(s) "a[3..3]" will be connected to GND. ;
; b[3..1] ; Input  ; Info     ; Stuck at GND                                                                                                                              ;
; b[0]    ; Input  ; Info     ; Stuck at VCC                                                                                                                              ;
; ci      ; Input  ; Info     ; Stuck at GND                                                                                                                              ;
+---------+--------+----------+-------------------------------------------------------------------------------------------------------------------------------------------+


+-------------------------------------------------------------------------------------------------------------------------------------------------------------------------+
; Port Connectivity Checks: "fifo_cal_addr:U1_fifo_cal_addr|cla4:U0_cla4"                                                                                                 ;
+---------+--------+----------+-------------------------------------------------------------------------------------------------------------------------------------------+
; Port    ; Type   ; Severity ; Details                                                                                                                                   ;
+---------+--------+----------+-------------------------------------------------------------------------------------------------------------------------------------------+
; s[3]    ; Output ; Info     ; Connected to dangling logic. Logic that only feeds a dangling port will be removed.                                                       ;
; co      ; Output ; Info     ; Connected to dangling logic. Logic that only feeds a dangling port will be removed.                                                       ;
; a       ; Input  ; Warning  ; Input port expression (3 bits) is smaller than the input port (4 bits) it drives.  Extra input bit(s) "a[3..3]" will be connected to GND. ;
; b[3..1] ; Input  ; Info     ; Stuck at GND                                                                                                                              ;
; b[0]    ; Input  ; Info     ; Stuck at VCC                                                                                                                              ;
; ci      ; Input  ; Info     ; Stuck at GND                                                                                                                              ;
+---------+--------+----------+-------------------------------------------------------------------------------------------------------------------------------------------+


+-----------------------------------------------------+
; Post-Synthesis Netlist Statistics for Top Partition ;
+-----------------------+-----------------------------+
; Type                  ; Count                       ;
+-----------------------+-----------------------------+
; arriav_ff             ; 301                         ;
;     CLR               ; 9                           ;
;     CLR SCLR          ; 32                          ;
;     ENA CLR           ; 260                         ;
; arriav_lcell_comb     ; 131                         ;
;     normal            ; 131                         ;
;         2 data inputs ; 6                           ;
;         3 data inputs ; 34                          ;
;         4 data inputs ; 3                           ;
;         5 data inputs ; 16                          ;
;         6 data inputs ; 72                          ;
; boundary_port         ; 78                          ;
;                       ;                             ;
; Max LUT depth         ; 3.00                        ;
; Average LUT depth     ; 1.75                        ;
+-----------------------+-----------------------------+


+-------------------------------+
; Elapsed Time Per Partition    ;
+----------------+--------------+
; Partition Name ; Elapsed Time ;
+----------------+--------------+
; Top            ; 00:00:00     ;
+----------------+--------------+


+-------------------------------+
; Analysis & Synthesis Messages ;
+-------------------------------+
Info: *******************************************************************
Info: Running Quartus Prime Analysis & Synthesis
    Info: Version 15.1.0 Build 185 10/21/2015 SJ Lite Edition
    Info: Processing started: Fri Nov 05 22:44:55 2021
Info: Command: quartus_map --read_settings_files=on --write_settings_files=off fifo -c fifo
Info (20030): Parallel compilation is enabled and will use 12 of the 12 processors detected
Info (12021): Found 1 design units, including 1 entities, in source file register4_r.v
    Info (12023): Found entity 1: register4_r File: C:/altera_lite/15.1/VL/fifo/register4_r.v Line: 1
Info (12021): Found 1 design units, including 1 entities, in source file register3_r.v
    Info (12023): Found entity 1: register3_r File: C:/altera_lite/15.1/VL/fifo/register3_r.v Line: 1
Info (12021): Found 1 design units, including 1 entities, in source file tb_fifo_out.v
    Info (12023): Found entity 1: tb_fifo_out File: C:/altera_lite/15.1/VL/fifo/tb_fifo_out.v Line: 3
Info (12021): Found 1 design units, including 1 entities, in source file tb_fifo_cal_addr.v
    Info (12023): Found entity 1: tb_fifo_cal_addr File: C:/altera_lite/15.1/VL/fifo/tb_fifo_cal_addr.v Line: 3
Info (12021): Found 1 design units, including 1 entities, in source file fa_v2.v
    Info (12023): Found entity 1: fa_v2 File: C:/altera_lite/15.1/VL/fifo/fa_v2.v Line: 1
Info (12021): Found 1 design units, including 1 entities, in source file clb4.v
    Info (12023): Found entity 1: clb4 File: C:/altera_lite/15.1/VL/fifo/clb4.v Line: 1
Info (12021): Found 1 design units, including 1 entities, in source file cla4.v
    Info (12023): Found entity 1: cla4 File: C:/altera_lite/15.1/VL/fifo/cla4.v Line: 1
Info (12021): Found 1 design units, including 1 entities, in source file _8_to_1_mux.v
    Info (12023): Found entity 1: _8_to_1_MUX File: C:/altera_lite/15.1/VL/fifo/_8_to_1_MUX.v Line: 1
Info (12021): Found 1 design units, including 1 entities, in source file _3_to_8_decoder.v
    Info (12023): Found entity 1: _3_to_8_decoder File: C:/altera_lite/15.1/VL/fifo/_3_to_8_decoder.v Line: 1
Info (12021): Found 1 design units, including 1 entities, in source file write_operation.v
    Info (12023): Found entity 1: write_operation File: C:/altera_lite/15.1/VL/fifo/write_operation.v Line: 1
Info (12021): Found 1 design units, including 1 entities, in source file register_file.v
    Info (12023): Found entity 1: Register_file File: C:/altera_lite/15.1/VL/fifo/Register_file.v Line: 1
Info (12021): Found 1 design units, including 1 entities, in source file register32_r_en.v
    Info (12023): Found entity 1: register32_r_en File: C:/altera_lite/15.1/VL/fifo/register32_r_en.v Line: 1
Info (12021): Found 1 design units, including 1 entities, in source file register32_8.v
    Info (12023): Found entity 1: register32_8 File: C:/altera_lite/15.1/VL/fifo/register32_8.v Line: 1
Info (12021): Found 1 design units, including 1 entities, in source file read_operation.v
    Info (12023): Found entity 1: read_operation File: C:/altera_lite/15.1/VL/fifo/read_operation.v Line: 1
Info (12021): Found 21 design units, including 21 entities, in source file gates.v
    Info (12023): Found entity 1: _inv File: C:/altera_lite/15.1/VL/fifo/gates.v Line: 1
    Info (12023): Found entity 2: _nand2 File: C:/altera_lite/15.1/VL/fifo/gates.v Line: 8
    Info (12023): Found entity 3: _and2 File: C:/altera_lite/15.1/VL/fifo/gates.v Line: 15
    Info (12023): Found entity 4: _or2 File: C:/altera_lite/15.1/VL/fifo/gates.v Line: 22
    Info (12023): Found entity 5: _xor2 File: C:/altera_lite/15.1/VL/fifo/gates.v Line: 29
    Info (12023): Found entity 6: _and3 File: C:/altera_lite/15.1/VL/fifo/gates.v Line: 44
    Info (12023): Found entity 7: _and4 File: C:/altera_lite/15.1/VL/fifo/gates.v Line: 51
    Info (12023): Found entity 8: _and5 File: C:/altera_lite/15.1/VL/fifo/gates.v Line: 58
    Info (12023): Found entity 9: _or3 File: C:/altera_lite/15.1/VL/fifo/gates.v Line: 65
    Info (12023): Found entity 10: _or4 File: C:/altera_lite/15.1/VL/fifo/gates.v Line: 72
    Info (12023): Found entity 11: _or5 File: C:/altera_lite/15.1/VL/fifo/gates.v Line: 79
    Info (12023): Found entity 12: _inv_4bits File: C:/altera_lite/15.1/VL/fifo/gates.v Line: 86
    Info (12023): Found entity 13: _and2_4bits File: C:/altera_lite/15.1/VL/fifo/gates.v Line: 93
    Info (12023): Found entity 14: _or2_4bits File: C:/altera_lite/15.1/VL/fifo/gates.v Line: 100
    Info (12023): Found entity 15: _xor2_4bits File: C:/altera_lite/15.1/VL/fifo/gates.v Line: 107
    Info (12023): Found entity 16: _xnor2_4bits File: C:/altera_lite/15.1/VL/fifo/gates.v Line: 117
    Info (12023): Found entity 17: _inv_32bits File: C:/altera_lite/15.1/VL/fifo/gates.v Line: 126
    Info (12023): Found entity 18: _and2_32bits File: C:/altera_lite/15.1/VL/fifo/gates.v Line: 133
    Info (12023): Found entity 19: _or2_32bits File: C:/altera_lite/15.1/VL/fifo/gates.v Line: 140
    Info (12023): Found entity 20: _xor2_32bits File: C:/altera_lite/15.1/VL/fifo/gates.v Line: 147
    Info (12023): Found entity 21: _xnor2_32bits File: C:/altera_lite/15.1/VL/fifo/gates.v Line: 161
Info (12021): Found 1 design units, including 1 entities, in source file fifo_ns.v
    Info (12023): Found entity 1: fifo_ns File: C:/altera_lite/15.1/VL/fifo/fifo_ns.v Line: 1
Info (12021): Found 1 design units, including 1 entities, in source file tb_fifo_ns.v
    Info (12023): Found entity 1: tb_fifo_ns File: C:/altera_lite/15.1/VL/fifo/tb_fifo_ns.v Line: 3
Info (12021): Found 1 design units, including 1 entities, in source file fifo_cal_addr.v
    Info (12023): Found entity 1: fifo_cal_addr File: C:/altera_lite/15.1/VL/fifo/fifo_cal_addr.v Line: 1
Info (12021): Found 1 design units, including 1 entities, in source file fifo_out.v
    Info (12023): Found entity 1: fifo_out File: C:/altera_lite/15.1/VL/fifo/fifo_out.v Line: 1
Info (12021): Found 1 design units, including 1 entities, in source file fifo.v
    Info (12023): Found entity 1: fifo File: C:/altera_lite/15.1/VL/fifo/fifo.v Line: 1
Info (12021): Found 1 design units, including 1 entities, in source file tb_fifo.v
    Info (12023): Found entity 1: tb_fifo File: C:/altera_lite/15.1/VL/fifo/tb_fifo.v Line: 3
Warning (10236): Verilog HDL Implicit Net warning at fa_v2.v(5): created implicit net for "w0" File: C:/altera_lite/15.1/VL/fifo/fa_v2.v Line: 5
Warning (10236): Verilog HDL Implicit Net warning at fifo_cal_addr.v(19): created implicit net for "w0_1" File: C:/altera_lite/15.1/VL/fifo/fifo_cal_addr.v Line: 19
Warning (10236): Verilog HDL Implicit Net warning at fifo_cal_addr.v(20): created implicit net for "w1_1" File: C:/altera_lite/15.1/VL/fifo/fifo_cal_addr.v Line: 20
Warning (10236): Verilog HDL Implicit Net warning at fifo_cal_addr.v(21): created implicit net for "w2_1" File: C:/altera_lite/15.1/VL/fifo/fifo_cal_addr.v Line: 21
Warning (10236): Verilog HDL Implicit Net warning at fifo_cal_addr.v(22): created implicit net for "w3_1" File: C:/altera_lite/15.1/VL/fifo/fifo_cal_addr.v Line: 22
Info (12127): Elaborating entity "fifo" for the top level hierarchy
Info (12128): Elaborating entity "fifo_ns" for hierarchy "fifo_ns:U0_fifo_ns" File: C:/altera_lite/15.1/VL/fifo/fifo.v Line: 13
Info (12128): Elaborating entity "fifo_cal_addr" for hierarchy "fifo_cal_addr:U1_fifo_cal_addr" File: C:/altera_lite/15.1/VL/fifo/fifo.v Line: 15
Warning (10235): Verilog HDL Always Construct warning at fifo_cal_addr.v(35): variable "add_tail" is read inside the Always Construct but isn't in the Always Construct's Event Control File: C:/altera_lite/15.1/VL/fifo/fifo_cal_addr.v Line: 35
Warning (10235): Verilog HDL Always Construct warning at fifo_cal_addr.v(35): variable "add_count" is read inside the Always Construct but isn't in the Always Construct's Event Control File: C:/altera_lite/15.1/VL/fifo/fifo_cal_addr.v Line: 35
Warning (10235): Verilog HDL Always Construct warning at fifo_cal_addr.v(43): variable "add_head" is read inside the Always Construct but isn't in the Always Construct's Event Control File: C:/altera_lite/15.1/VL/fifo/fifo_cal_addr.v Line: 43
Warning (10235): Verilog HDL Always Construct warning at fifo_cal_addr.v(43): variable "sub_count" is read inside the Always Construct but isn't in the Always Construct's Event Control File: C:/altera_lite/15.1/VL/fifo/fifo_cal_addr.v Line: 43
Info (12128): Elaborating entity "cla4" for hierarchy "fifo_cal_addr:U1_fifo_cal_addr|cla4:U0_cla4" File: C:/altera_lite/15.1/VL/fifo/fifo_cal_addr.v Line: 19
Info (12128): Elaborating entity "fa_v2" for hierarchy "fifo_cal_addr:U1_fifo_cal_addr|cla4:U0_cla4|fa_v2:U0_fa" File: C:/altera_lite/15.1/VL/fifo/cla4.v Line: 9
Info (12128): Elaborating entity "_xor2" for hierarchy "fifo_cal_addr:U1_fifo_cal_addr|cla4:U0_cla4|fa_v2:U0_fa|_xor2:xor1" File: C:/altera_lite/15.1/VL/fifo/fa_v2.v Line: 5
Info (12128): Elaborating entity "_inv" for hierarchy "fifo_cal_addr:U1_fifo_cal_addr|cla4:U0_cla4|fa_v2:U0_fa|_xor2:xor1|_inv:invA" File: C:/altera_lite/15.1/VL/fifo/gates.v Line: 35
Info (12128): Elaborating entity "_and2" for hierarchy "fifo_cal_addr:U1_fifo_cal_addr|cla4:U0_cla4|fa_v2:U0_fa|_xor2:xor1|_and2:and0" File: C:/altera_lite/15.1/VL/fifo/gates.v Line: 38
Info (12128): Elaborating entity "_or2" for hierarchy "fifo_cal_addr:U1_fifo_cal_addr|cla4:U0_cla4|fa_v2:U0_fa|_xor2:xor1|_or2:or0" File: C:/altera_lite/15.1/VL/fifo/gates.v Line: 41
Info (12128): Elaborating entity "clb4" for hierarchy "fifo_cal_addr:U1_fifo_cal_addr|cla4:U0_cla4|clb4:U4_clb4" File: C:/altera_lite/15.1/VL/fifo/cla4.v Line: 13
Info (12128): Elaborating entity "_and3" for hierarchy "fifo_cal_addr:U1_fifo_cal_addr|cla4:U0_cla4|clb4:U4_clb4|_and3:and3C2" File: C:/altera_lite/15.1/VL/fifo/clb4.v Line: 32
Info (12128): Elaborating entity "_or3" for hierarchy "fifo_cal_addr:U1_fifo_cal_addr|cla4:U0_cla4|clb4:U4_clb4|_or3:or3C2" File: C:/altera_lite/15.1/VL/fifo/clb4.v Line: 33
Info (12128): Elaborating entity "_and4" for hierarchy "fifo_cal_addr:U1_fifo_cal_addr|cla4:U0_cla4|clb4:U4_clb4|_and4:and4C3" File: C:/altera_lite/15.1/VL/fifo/clb4.v Line: 39
Info (12128): Elaborating entity "_or4" for hierarchy "fifo_cal_addr:U1_fifo_cal_addr|cla4:U0_cla4|clb4:U4_clb4|_or4:or4C3" File: C:/altera_lite/15.1/VL/fifo/clb4.v Line: 40
Info (12128): Elaborating entity "_and5" for hierarchy "fifo_cal_addr:U1_fifo_cal_addr|cla4:U0_cla4|clb4:U4_clb4|_and5:and5Co" File: C:/altera_lite/15.1/VL/fifo/clb4.v Line: 51
Info (12128): Elaborating entity "_or5" for hierarchy "fifo_cal_addr:U1_fifo_cal_addr|cla4:U0_cla4|clb4:U4_clb4|_or5:or5Co" File: C:/altera_lite/15.1/VL/fifo/clb4.v Line: 52
Info (12128): Elaborating entity "register3_r" for hierarchy "register3_r:U2_0_register3_r" File: C:/altera_lite/15.1/VL/fifo/fifo.v Line: 18
Info (12128): Elaborating entity "register4_r" for hierarchy "register4_r:U2_3_register4_r" File: C:/altera_lite/15.1/VL/fifo/fifo.v Line: 21
Info (12128): Elaborating entity "fifo_out" for hierarchy "fifo_out:U3_fifo_out" File: C:/altera_lite/15.1/VL/fifo/fifo.v Line: 23
Info (12128): Elaborating entity "Register_file" for hierarchy "Register_file:U4_0_Register_file" File: C:/altera_lite/15.1/VL/fifo/fifo.v Line: 25
Info (12128): Elaborating entity "write_operation" for hierarchy "Register_file:U4_0_Register_file|write_operation:U0_write_operation" File: C:/altera_lite/15.1/VL/fifo/Register_file.v Line: 10
Info (12128): Elaborating entity "_3_to_8_decoder" for hierarchy "Register_file:U4_0_Register_file|write_operation:U0_write_operation|_3_to_8_decoder:U0_decoder" File: C:/altera_lite/15.1/VL/fifo/write_operation.v Line: 7
Info (12128): Elaborating entity "register32_8" for hierarchy "Register_file:U4_0_Register_file|register32_8:U1_register32_8" File: C:/altera_lite/15.1/VL/fifo/Register_file.v Line: 11
Info (12128): Elaborating entity "register32_r_en" for hierarchy "Register_file:U4_0_Register_file|register32_8:U1_register32_8|register32_r_en:U0_register32_r_en" File: C:/altera_lite/15.1/VL/fifo/register32_8.v Line: 7
Info (12128): Elaborating entity "read_operation" for hierarchy "Register_file:U4_0_Register_file|read_operation:U2_read_operation" File: C:/altera_lite/15.1/VL/fifo/Register_file.v Line: 12
Info (12128): Elaborating entity "_8_to_1_MUX" for hierarchy "Register_file:U4_0_Register_file|read_operation:U2_read_operation|_8_to_1_MUX:U0_MUX" File: C:/altera_lite/15.1/VL/fifo/read_operation.v Line: 6
Warning (12125): Using design file mx2_32bits.v, which is not specified as a design file for the current project, but contains definitions for 1 design units and 1 entities in project
    Info (12023): Found entity 1: mx2_32bits File: C:/altera_lite/15.1/VL/fifo/mx2_32bits.v Line: 1
Info (12128): Elaborating entity "mx2_32bits" for hierarchy "mx2_32bits:U4_1_Registerer_file" File: C:/altera_lite/15.1/VL/fifo/fifo.v Line: 26
Warning (12241): 2 hierarchies have connectivity warnings - see the Connectivity Checks report folder
Info (286030): Timing-Driven Synthesis is running
Info (144001): Generated suppressed messages file C:/altera_lite/15.1/VL/fifo/output_files/fifo.map.smsg
Info (16010): Generating hard_block partition "hard_block:auto_generated_inst"
    Info (16011): Adding 0 node(s), including 0 DDIO, 0 PLL, 0 transceiver and 0 LCELL
Info (21057): Implemented 468 device resources after synthesis - the final resource count might be different
    Info (21058): Implemented 36 input pins
    Info (21059): Implemented 42 output pins
    Info (21061): Implemented 390 logic cells
Info: Quartus Prime Analysis & Synthesis was successful. 0 errors, 11 warnings
    Info: Peak virtual memory: 5064 megabytes
    Info: Processing ended: Fri Nov 05 22:45:02 2021
    Info: Elapsed time: 00:00:07
    Info: Total CPU time (on all processors): 00:00:14


+------------------------------------------+
; Analysis & Synthesis Suppressed Messages ;
+------------------------------------------+
The suppressed messages can be found in C:/altera_lite/15.1/VL/fifo/output_files/fifo.map.smsg.


